  Grid.cpp
c:\users\arnau\desktop\pathfinding\pathfinding\sdl_pathfinding\src\grid.cpp(113): warning C4244: 'argument': conversion from 'int' to 'float', possible loss of data
c:\users\arnau\desktop\pathfinding\pathfinding\sdl_pathfinding\src\grid.cpp(117): warning C4018: '<': signed/unsigned mismatch
c:\users\arnau\desktop\pathfinding\pathfinding\sdl_pathfinding\src\grid.cpp(131): warning C4244: 'argument': conversion from 'int' to 'float', possible loss of data
c:\users\arnau\desktop\pathfinding\pathfinding\sdl_pathfinding\src\grid.cpp(135): warning C4018: '<': signed/unsigned mismatch
c:\users\arnau\desktop\pathfinding\pathfinding\sdl_pathfinding\src\grid.cpp(149): warning C4244: 'argument': conversion from 'int' to 'float', possible loss of data
c:\users\arnau\desktop\pathfinding\pathfinding\sdl_pathfinding\src\grid.cpp(154): warning C4018: '<': signed/unsigned mismatch
c:\users\arnau\desktop\pathfinding\pathfinding\sdl_pathfinding\src\grid.cpp(168): warning C4244: 'argument': conversion from 'int' to 'float', possible loss of data
c:\users\arnau\desktop\pathfinding\pathfinding\sdl_pathfinding\src\grid.cpp(172): warning C4018: '<': signed/unsigned mismatch
c:\users\arnau\desktop\pathfinding\pathfinding\sdl_pathfinding\src\grid.cpp(186): warning C4244: 'argument': conversion from 'int' to 'float', possible loss of data
c:\users\arnau\desktop\pathfinding\pathfinding\sdl_pathfinding\src\grid.cpp(191): warning C4018: '<': signed/unsigned mismatch
c:\users\arnau\desktop\pathfinding\pathfinding\sdl_pathfinding\src\grid.cpp(209): warning C4018: '<': signed/unsigned mismatch
c:\users\arnau\desktop\pathfinding\pathfinding\sdl_pathfinding\src\grid.cpp(227): warning C4018: '<': signed/unsigned mismatch
c:\users\arnau\desktop\pathfinding\pathfinding\sdl_pathfinding\src\grid.cpp(245): warning C4018: '<': signed/unsigned mismatch
c:\users\arnau\desktop\pathfinding\pathfinding\sdl_pathfinding\src\grid.cpp(276): warning C4018: '<': signed/unsigned mismatch
c:\users\arnau\desktop\pathfinding\pathfinding\sdl_pathfinding\src\grid.cpp(309): warning C4018: '<': signed/unsigned mismatch
c:\users\arnau\desktop\pathfinding\pathfinding\sdl_pathfinding\src\grid.cpp(325): warning C4244: 'argument': conversion from 'int' to 'float', possible loss of data
c:\users\arnau\desktop\pathfinding\pathfinding\sdl_pathfinding\src\grid.cpp(329): warning C4244: 'argument': conversion from 'int' to 'float', possible loss of data
c:\users\arnau\desktop\pathfinding\pathfinding\sdl_pathfinding\src\grid.cpp(334): warning C4018: '<': signed/unsigned mismatch
c:\users\arnau\desktop\pathfinding\pathfinding\sdl_pathfinding\src\grid.cpp(341): warning C4018: '<': signed/unsigned mismatch
c:\users\arnau\desktop\pathfinding\pathfinding\sdl_pathfinding\src\grid.cpp(361): warning C4244: 'argument': conversion from 'int' to 'float', possible loss of data
c:\users\arnau\desktop\pathfinding\pathfinding\sdl_pathfinding\src\grid.cpp(365): warning C4244: 'argument': conversion from 'int' to 'float', possible loss of data
c:\users\arnau\desktop\pathfinding\pathfinding\sdl_pathfinding\src\grid.cpp(370): warning C4018: '<': signed/unsigned mismatch
c:\users\arnau\desktop\pathfinding\pathfinding\sdl_pathfinding\src\grid.cpp(377): warning C4018: '<': signed/unsigned mismatch
c:\users\arnau\desktop\pathfinding\pathfinding\sdl_pathfinding\src\grid.cpp(397): warning C4244: 'argument': conversion from 'int' to 'float', possible loss of data
c:\users\arnau\desktop\pathfinding\pathfinding\sdl_pathfinding\src\grid.cpp(401): warning C4244: 'argument': conversion from 'int' to 'float', possible loss of data
c:\users\arnau\desktop\pathfinding\pathfinding\sdl_pathfinding\src\grid.cpp(406): warning C4018: '<': signed/unsigned mismatch
c:\users\arnau\desktop\pathfinding\pathfinding\sdl_pathfinding\src\grid.cpp(412): warning C4018: '<': signed/unsigned mismatch
c:\users\arnau\desktop\pathfinding\pathfinding\sdl_pathfinding\src\grid.cpp(432): warning C4244: 'argument': conversion from 'int' to 'float', possible loss of data
c:\users\arnau\desktop\pathfinding\pathfinding\sdl_pathfinding\src\grid.cpp(436): warning C4244: 'argument': conversion from 'int' to 'float', possible loss of data
c:\users\arnau\desktop\pathfinding\pathfinding\sdl_pathfinding\src\grid.cpp(441): warning C4018: '<': signed/unsigned mismatch
c:\users\arnau\desktop\pathfinding\pathfinding\sdl_pathfinding\src\grid.cpp(448): warning C4018: '<': signed/unsigned mismatch
c:\users\arnau\desktop\pathfinding\pathfinding\sdl_pathfinding\src\grid.cpp(468): warning C4244: 'argument': conversion from 'int' to 'float', possible loss of data
c:\users\arnau\desktop\pathfinding\pathfinding\sdl_pathfinding\src\grid.cpp(472): warning C4244: 'argument': conversion from 'int' to 'float', possible loss of data
c:\users\arnau\desktop\pathfinding\pathfinding\sdl_pathfinding\src\grid.cpp(477): warning C4018: '<': signed/unsigned mismatch
c:\users\arnau\desktop\pathfinding\pathfinding\sdl_pathfinding\src\grid.cpp(484): warning C4018: '<': signed/unsigned mismatch
c:\users\arnau\desktop\pathfinding\pathfinding\sdl_pathfinding\src\grid.cpp(505): warning C4244: 'argument': conversion from 'int' to 'float', possible loss of data
c:\users\arnau\desktop\pathfinding\pathfinding\sdl_pathfinding\src\grid.cpp(509): warning C4244: 'argument': conversion from 'int' to 'float', possible loss of data
c:\users\arnau\desktop\pathfinding\pathfinding\sdl_pathfinding\src\grid.cpp(514): warning C4018: '<': signed/unsigned mismatch
c:\users\arnau\desktop\pathfinding\pathfinding\sdl_pathfinding\src\grid.cpp(521): warning C4018: '<': signed/unsigned mismatch
c:\users\arnau\desktop\pathfinding\pathfinding\sdl_pathfinding\src\grid.cpp(541): warning C4244: 'argument': conversion from 'int' to 'float', possible loss of data
c:\users\arnau\desktop\pathfinding\pathfinding\sdl_pathfinding\src\grid.cpp(545): warning C4244: 'argument': conversion from 'int' to 'float', possible loss of data
c:\users\arnau\desktop\pathfinding\pathfinding\sdl_pathfinding\src\grid.cpp(550): warning C4018: '<': signed/unsigned mismatch
c:\users\arnau\desktop\pathfinding\pathfinding\sdl_pathfinding\src\grid.cpp(557): warning C4018: '<': signed/unsigned mismatch
c:\users\arnau\desktop\pathfinding\pathfinding\sdl_pathfinding\src\grid.cpp(577): warning C4244: 'argument': conversion from 'int' to 'float', possible loss of data
c:\users\arnau\desktop\pathfinding\pathfinding\sdl_pathfinding\src\grid.cpp(581): warning C4244: 'argument': conversion from 'int' to 'float', possible loss of data
c:\users\arnau\desktop\pathfinding\pathfinding\sdl_pathfinding\src\grid.cpp(586): warning C4018: '<': signed/unsigned mismatch
c:\users\arnau\desktop\pathfinding\pathfinding\sdl_pathfinding\src\grid.cpp(593): warning C4018: '<': signed/unsigned mismatch
c:\users\arnau\desktop\pathfinding\pathfinding\sdl_pathfinding\src\grid.cpp(642): warning C4244: 'return': conversion from 'float' to 'int', possible loss of data
c:\users\arnau\desktop\pathfinding\pathfinding\sdl_pathfinding\src\grid.cpp(647): warning C4244: 'argument': conversion from 'int' to 'float', possible loss of data
c:\users\arnau\desktop\pathfinding\pathfinding\sdl_pathfinding\src\grid.cpp(662): warning C4018: '<': signed/unsigned mismatch
c:\users\arnau\desktop\pathfinding\pathfinding\sdl_pathfinding\src\grid.cpp(677): warning C4244: 'argument': conversion from 'int' to 'float', possible loss of data
c:\users\arnau\desktop\pathfinding\pathfinding\sdl_pathfinding\src\grid.cpp(681): warning C4244: 'argument': conversion from 'int' to 'float', possible loss of data
c:\users\arnau\desktop\pathfinding\pathfinding\sdl_pathfinding\src\grid.cpp(686): warning C4018: '<': signed/unsigned mismatch
c:\users\arnau\desktop\pathfinding\pathfinding\sdl_pathfinding\src\grid.cpp(693): warning C4018: '<': signed/unsigned mismatch
c:\users\arnau\desktop\pathfinding\pathfinding\sdl_pathfinding\src\grid.cpp(709): warning C4244: 'argument': conversion from 'int' to 'float', possible loss of data
c:\users\arnau\desktop\pathfinding\pathfinding\sdl_pathfinding\src\grid.cpp(713): warning C4244: 'argument': conversion from 'int' to 'float', possible loss of data
c:\users\arnau\desktop\pathfinding\pathfinding\sdl_pathfinding\src\grid.cpp(718): warning C4018: '<': signed/unsigned mismatch
c:\users\arnau\desktop\pathfinding\pathfinding\sdl_pathfinding\src\grid.cpp(725): warning C4018: '<': signed/unsigned mismatch
c:\users\arnau\desktop\pathfinding\pathfinding\sdl_pathfinding\src\grid.cpp(741): warning C4244: 'argument': conversion from 'int' to 'float', possible loss of data
c:\users\arnau\desktop\pathfinding\pathfinding\sdl_pathfinding\src\grid.cpp(745): warning C4244: 'argument': conversion from 'int' to 'float', possible loss of data
c:\users\arnau\desktop\pathfinding\pathfinding\sdl_pathfinding\src\grid.cpp(750): warning C4018: '<': signed/unsigned mismatch
c:\users\arnau\desktop\pathfinding\pathfinding\sdl_pathfinding\src\grid.cpp(756): warning C4018: '<': signed/unsigned mismatch
c:\users\arnau\desktop\pathfinding\pathfinding\sdl_pathfinding\src\grid.cpp(772): warning C4244: 'argument': conversion from 'int' to 'float', possible loss of data
c:\users\arnau\desktop\pathfinding\pathfinding\sdl_pathfinding\src\grid.cpp(776): warning C4244: 'argument': conversion from 'int' to 'float', possible loss of data
c:\users\arnau\desktop\pathfinding\pathfinding\sdl_pathfinding\src\grid.cpp(781): warning C4018: '<': signed/unsigned mismatch
c:\users\arnau\desktop\pathfinding\pathfinding\sdl_pathfinding\src\grid.cpp(788): warning C4018: '<': signed/unsigned mismatch
c:\users\arnau\desktop\pathfinding\pathfinding\sdl_pathfinding\src\grid.cpp(804): warning C4244: 'argument': conversion from 'int' to 'float', possible loss of data
c:\users\arnau\desktop\pathfinding\pathfinding\sdl_pathfinding\src\grid.cpp(808): warning C4244: 'argument': conversion from 'int' to 'float', possible loss of data
c:\users\arnau\desktop\pathfinding\pathfinding\sdl_pathfinding\src\grid.cpp(813): warning C4018: '<': signed/unsigned mismatch
c:\users\arnau\desktop\pathfinding\pathfinding\sdl_pathfinding\src\grid.cpp(820): warning C4018: '<': signed/unsigned mismatch
c:\users\arnau\desktop\pathfinding\pathfinding\sdl_pathfinding\src\grid.cpp(837): warning C4244: 'argument': conversion from 'int' to 'float', possible loss of data
c:\users\arnau\desktop\pathfinding\pathfinding\sdl_pathfinding\src\grid.cpp(841): warning C4244: 'argument': conversion from 'int' to 'float', possible loss of data
c:\users\arnau\desktop\pathfinding\pathfinding\sdl_pathfinding\src\grid.cpp(846): warning C4018: '<': signed/unsigned mismatch
c:\users\arnau\desktop\pathfinding\pathfinding\sdl_pathfinding\src\grid.cpp(853): warning C4018: '<': signed/unsigned mismatch
c:\users\arnau\desktop\pathfinding\pathfinding\sdl_pathfinding\src\grid.cpp(869): warning C4244: 'argument': conversion from 'int' to 'float', possible loss of data
c:\users\arnau\desktop\pathfinding\pathfinding\sdl_pathfinding\src\grid.cpp(873): warning C4244: 'argument': conversion from 'int' to 'float', possible loss of data
c:\users\arnau\desktop\pathfinding\pathfinding\sdl_pathfinding\src\grid.cpp(878): warning C4018: '<': signed/unsigned mismatch
c:\users\arnau\desktop\pathfinding\pathfinding\sdl_pathfinding\src\grid.cpp(885): warning C4018: '<': signed/unsigned mismatch
c:\users\arnau\desktop\pathfinding\pathfinding\sdl_pathfinding\src\grid.cpp(901): warning C4244: 'argument': conversion from 'int' to 'float', possible loss of data
c:\users\arnau\desktop\pathfinding\pathfinding\sdl_pathfinding\src\grid.cpp(905): warning C4244: 'argument': conversion from 'int' to 'float', possible loss of data
c:\users\arnau\desktop\pathfinding\pathfinding\sdl_pathfinding\src\grid.cpp(910): warning C4018: '<': signed/unsigned mismatch
c:\users\arnau\desktop\pathfinding\pathfinding\sdl_pathfinding\src\grid.cpp(917): warning C4018: '<': signed/unsigned mismatch
c:\users\arnau\desktop\pathfinding\pathfinding\sdl_pathfinding\src\grid.cpp(992): warning C4018: '<': signed/unsigned mismatch
c:\users\arnau\desktop\pathfinding\pathfinding\sdl_pathfinding\src\grid.cpp(1008): warning C4244: 'argument': conversion from 'int' to 'float', possible loss of data
c:\users\arnau\desktop\pathfinding\pathfinding\sdl_pathfinding\src\grid.cpp(1012): warning C4244: 'argument': conversion from 'int' to 'float', possible loss of data
c:\users\arnau\desktop\pathfinding\pathfinding\sdl_pathfinding\src\grid.cpp(1017): warning C4018: '<': signed/unsigned mismatch
c:\users\arnau\desktop\pathfinding\pathfinding\sdl_pathfinding\src\grid.cpp(1024): warning C4018: '<': signed/unsigned mismatch
c:\users\arnau\desktop\pathfinding\pathfinding\sdl_pathfinding\src\grid.cpp(1044): warning C4244: 'argument': conversion from 'int' to 'float', possible loss of data
c:\users\arnau\desktop\pathfinding\pathfinding\sdl_pathfinding\src\grid.cpp(1048): warning C4244: 'argument': conversion from 'int' to 'float', possible loss of data
c:\users\arnau\desktop\pathfinding\pathfinding\sdl_pathfinding\src\grid.cpp(1053): warning C4018: '<': signed/unsigned mismatch
c:\users\arnau\desktop\pathfinding\pathfinding\sdl_pathfinding\src\grid.cpp(1060): warning C4018: '<': signed/unsigned mismatch
c:\users\arnau\desktop\pathfinding\pathfinding\sdl_pathfinding\src\grid.cpp(1080): warning C4244: 'argument': conversion from 'int' to 'float', possible loss of data
c:\users\arnau\desktop\pathfinding\pathfinding\sdl_pathfinding\src\grid.cpp(1084): warning C4244: 'argument': conversion from 'int' to 'float', possible loss of data
c:\users\arnau\desktop\pathfinding\pathfinding\sdl_pathfinding\src\grid.cpp(1089): warning C4018: '<': signed/unsigned mismatch
c:\users\arnau\desktop\pathfinding\pathfinding\sdl_pathfinding\src\grid.cpp(1095): warning C4018: '<': signed/unsigned mismatch
c:\users\arnau\desktop\pathfinding\pathfinding\sdl_pathfinding\src\grid.cpp(1115): warning C4244: 'argument': conversion from 'int' to 'float', possible loss of data
c:\users\arnau\desktop\pathfinding\pathfinding\sdl_pathfinding\src\grid.cpp(1119): warning C4244: 'argument': conversion from 'int' to 'float', possible loss of data
c:\users\arnau\desktop\pathfinding\pathfinding\sdl_pathfinding\src\grid.cpp(1124): warning C4018: '<': signed/unsigned mismatch
c:\users\arnau\desktop\pathfinding\pathfinding\sdl_pathfinding\src\grid.cpp(1131): warning C4018: '<': signed/unsigned mismatch
c:\users\arnau\desktop\pathfinding\pathfinding\sdl_pathfinding\src\grid.cpp(1151): warning C4244: 'argument': conversion from 'int' to 'float', possible loss of data
c:\users\arnau\desktop\pathfinding\pathfinding\sdl_pathfinding\src\grid.cpp(1155): warning C4244: 'argument': conversion from 'int' to 'float', possible loss of data
c:\users\arnau\desktop\pathfinding\pathfinding\sdl_pathfinding\src\grid.cpp(1160): warning C4018: '<': signed/unsigned mismatch
c:\users\arnau\desktop\pathfinding\pathfinding\sdl_pathfinding\src\grid.cpp(1167): warning C4018: '<': signed/unsigned mismatch
c:\users\arnau\desktop\pathfinding\pathfinding\sdl_pathfinding\src\grid.cpp(1188): warning C4244: 'argument': conversion from 'int' to 'float', possible loss of data
c:\users\arnau\desktop\pathfinding\pathfinding\sdl_pathfinding\src\grid.cpp(1192): warning C4244: 'argument': conversion from 'int' to 'float', possible loss of data
c:\users\arnau\desktop\pathfinding\pathfinding\sdl_pathfinding\src\grid.cpp(1197): warning C4018: '<': signed/unsigned mismatch
c:\users\arnau\desktop\pathfinding\pathfinding\sdl_pathfinding\src\grid.cpp(1204): warning C4018: '<': signed/unsigned mismatch
c:\users\arnau\desktop\pathfinding\pathfinding\sdl_pathfinding\src\grid.cpp(1224): warning C4244: 'argument': conversion from 'int' to 'float', possible loss of data
c:\users\arnau\desktop\pathfinding\pathfinding\sdl_pathfinding\src\grid.cpp(1228): warning C4244: 'argument': conversion from 'int' to 'float', possible loss of data
c:\users\arnau\desktop\pathfinding\pathfinding\sdl_pathfinding\src\grid.cpp(1233): warning C4018: '<': signed/unsigned mismatch
c:\users\arnau\desktop\pathfinding\pathfinding\sdl_pathfinding\src\grid.cpp(1240): warning C4018: '<': signed/unsigned mismatch
c:\users\arnau\desktop\pathfinding\pathfinding\sdl_pathfinding\src\grid.cpp(1260): warning C4244: 'argument': conversion from 'int' to 'float', possible loss of data
c:\users\arnau\desktop\pathfinding\pathfinding\sdl_pathfinding\src\grid.cpp(1264): warning C4244: 'argument': conversion from 'int' to 'float', possible loss of data
c:\users\arnau\desktop\pathfinding\pathfinding\sdl_pathfinding\src\grid.cpp(1269): warning C4018: '<': signed/unsigned mismatch
c:\users\arnau\desktop\pathfinding\pathfinding\sdl_pathfinding\src\grid.cpp(1276): warning C4018: '<': signed/unsigned mismatch
  ScenePathFindingMouse.cpp
c:\users\arnau\desktop\pathfinding\pathfinding\sdl_pathfinding\src\scenepathfindingmouse.cpp(35): warning C4018: '<': signed/unsigned mismatch
c:\users\arnau\desktop\pathfinding\pathfinding\sdl_pathfinding\src\scenepathfindingmouse.cpp(43): warning C4018: '<': signed/unsigned mismatch
c:\users\arnau\desktop\pathfinding\pathfinding\sdl_pathfinding\src\scenepathfindingmouse.cpp(51): warning C4018: '<': signed/unsigned mismatch
c:\users\arnau\desktop\pathfinding\pathfinding\sdl_pathfinding\src\scenepathfindingmouse.cpp(59): warning C4018: '<': signed/unsigned mismatch
c:\users\arnau\desktop\pathfinding\pathfinding\sdl_pathfinding\src\scenepathfindingmouse.cpp(121): warning C4018: '<': signed/unsigned mismatch
c:\users\arnau\desktop\pathfinding\pathfinding\sdl_pathfinding\src\scenepathfindingmouse.cpp(128): warning C4018: '<': signed/unsigned mismatch
c:\users\arnau\desktop\pathfinding\pathfinding\sdl_pathfinding\src\scenepathfindingmouse.cpp(135): warning C4018: '<': signed/unsigned mismatch
c:\users\arnau\desktop\pathfinding\pathfinding\sdl_pathfinding\src\scenepathfindingmouse.cpp(142): warning C4018: '<': signed/unsigned mismatch
  main.cpp
  Generating Code...
  SDL_Pathfinding.vcxproj -> C:\Users\Arnau\Desktop\Pathfinding\Pathfinding\SDL_Pathfinding\\bin\SDL_Pathfinding.exe
